  [1m[35m (0.1ms)[0m  [1m[34mSELECT sqlite_version(*)[0m
  [1m[35m (81.9ms)[0m  [1m[35mCREATE TABLE "schema_migrations" ("version" varchar NOT NULL PRIMARY KEY)[0m
  [1m[35m (15.3ms)[0m  [1m[35mCREATE TABLE "ar_internal_metadata" ("key" varchar NOT NULL PRIMARY KEY, "value" varchar, "created_at" datetime NOT NULL, "updated_at" datetime NOT NULL)[0m
  [1m[35m (0.2ms)[0m  [1m[34mSELECT "schema_migrations"."version" FROM "schema_migrations" ORDER BY "schema_migrations"."version" ASC[0m
Migrating to CreateProducts (20171004233535)
  [1m[35m (0.1ms)[0m  [1m[36mbegin transaction[0m
  [1m[35m (6.7ms)[0m  [1m[35mCREATE TABLE "products" ("id" INTEGER PRIMARY KEY AUTOINCREMENT NOT NULL, "name" varchar, "description" text, "price" decimal(10,2), "minimum_age_appropriate" integer, "maximum_age_appropriate" integer, "created_at" datetime NOT NULL, "updated_at" datetime NOT NULL)[0m
  [1m[35mSQL (0.1ms)[0m  [1m[32mINSERT INTO "schema_migrations" ("version") VALUES (?)[0m  [["version", "20171004233535"]]
  [1m[35m (15.7ms)[0m  [1m[36mcommit transaction[0m
Migrating to CreateCustomers (20180330172730)
  [1m[35m (0.0ms)[0m  [1m[36mbegin transaction[0m
  [1m[35m (2.2ms)[0m  [1m[35mCREATE TABLE "customers" ("id" INTEGER PRIMARY KEY AUTOINCREMENT NOT NULL, "first" varchar, "last" varchar, "created_at" datetime NOT NULL, "updated_at" datetime NOT NULL)[0m
  [1m[35mSQL (0.2ms)[0m  [1m[32mINSERT INTO "schema_migrations" ("version") VALUES (?)[0m  [["version", "20180330172730"]]
  [1m[35m (10.5ms)[0m  [1m[36mcommit transaction[0m
Migrating to CreateReviews (20180330172951)
  [1m[35m (0.1ms)[0m  [1m[36mbegin transaction[0m
  [1m[35m (1.7ms)[0m  [1m[35mCREATE TABLE "reviews" ("id" INTEGER PRIMARY KEY AUTOINCREMENT NOT NULL, "stars" integer, "review" varchar, "product_id" integer, "customer_id" integer, "created_at" datetime NOT NULL, "updated_at" datetime NOT NULL, CONSTRAINT "fk_rails_bedd9094d4"
FOREIGN KEY ("product_id")
  REFERENCES "products" ("id")
, CONSTRAINT "fk_rails_74e2428a18"
FOREIGN KEY ("customer_id")
  REFERENCES "customers" ("id")
)[0m
  [1m[35m (0.1ms)[0m  [1m[35mCREATE  INDEX "index_reviews_on_product_id" ON "reviews" ("product_id")[0m
  [1m[35m (0.1ms)[0m  [1m[34m            SELECT sql
            FROM sqlite_master
            WHERE name='index_reviews_on_product_id' AND type='index'
            UNION ALL
            SELECT sql
            FROM sqlite_temp_master
            WHERE name='index_reviews_on_product_id' AND type='index'
[0m
  [1m[35m (0.1ms)[0m  [1m[35mCREATE  INDEX "index_reviews_on_customer_id" ON "reviews" ("customer_id")[0m
  [1m[35mSQL (0.2ms)[0m  [1m[32mINSERT INTO "schema_migrations" ("version") VALUES (?)[0m  [["version", "20180330172951"]]
  [1m[35m (17.4ms)[0m  [1m[36mcommit transaction[0m
  [1m[36mActiveRecord::InternalMetadata Load (0.2ms)[0m  [1m[34mSELECT  "ar_internal_metadata".* FROM "ar_internal_metadata" WHERE "ar_internal_metadata"."key" = ? LIMIT ?[0m  [["key", "environment"], ["LIMIT", 1]]
  [1m[35m (0.1ms)[0m  [1m[36mbegin transaction[0m
  [1m[35mSQL (2.1ms)[0m  [1m[32mINSERT INTO "ar_internal_metadata" ("key", "value", "created_at", "updated_at") VALUES (?, ?, ?, ?)[0m  [["key", "environment"], ["value", "development"], ["created_at", "2018-03-30 17:34:41.646261"], ["updated_at", "2018-03-30 17:34:41.646261"]]
  [1m[35m (15.5ms)[0m  [1m[36mcommit transaction[0m
  [1m[35m (0.1ms)[0m  [1m[34mSELECT "schema_migrations"."version" FROM "schema_migrations" ORDER BY "schema_migrations"."version" ASC[0m
  [1m[35m (0.1ms)[0m  [1m[34m            SELECT sql
            FROM sqlite_master
            WHERE name='index_reviews_on_customer_id' AND type='index'
            UNION ALL
            SELECT sql
            FROM sqlite_temp_master
            WHERE name='index_reviews_on_customer_id' AND type='index'
[0m
  [1m[35m (0.1ms)[0m  [1m[34m            SELECT sql
            FROM sqlite_master
            WHERE name='index_reviews_on_product_id' AND type='index'
            UNION ALL
            SELECT sql
            FROM sqlite_temp_master
            WHERE name='index_reviews_on_product_id' AND type='index'
[0m
  [1m[35m (0.2ms)[0m  [1m[34mSELECT "schema_migrations"."version" FROM "schema_migrations" ORDER BY "schema_migrations"."version" ASC[0m
  [1m[35m (0.2ms)[0m  [1m[34mSELECT "ar_internal_metadata"."value" FROM "ar_internal_metadata" WHERE "ar_internal_metadata"."key" = ?[0m  [["key", "environment"]]
  [1m[35m (0.1ms)[0m  [1m[34mSELECT "schema_migrations"."version" FROM "schema_migrations" ORDER BY "schema_migrations"."version" ASC[0m
  [1m[35m (0.1ms)[0m  [1m[34mSELECT "ar_internal_metadata"."value" FROM "ar_internal_metadata" WHERE "ar_internal_metadata"."key" = ?[0m  [["key", "environment"]]
  [1m[35m (0.1ms)[0m  [1m[34mSELECT "schema_migrations"."version" FROM "schema_migrations" ORDER BY "schema_migrations"."version" ASC[0m
  [1m[35m (0.1ms)[0m  [1m[34mSELECT "ar_internal_metadata"."value" FROM "ar_internal_metadata" WHERE "ar_internal_metadata"."key" = ?[0m  [["key", "environment"]]
  [1m[35m (0.1ms)[0m  [1m[35mDROP TABLE IF EXISTS "customers"[0m
  [1m[35m (0.0ms)[0m  [1m[34mSELECT sqlite_version(*)[0m
  [1m[35m (23.4ms)[0m  [1m[35mCREATE TABLE "customers" ("id" INTEGER PRIMARY KEY AUTOINCREMENT NOT NULL, "first" varchar, "last" varchar, "created_at" datetime NOT NULL, "updated_at" datetime NOT NULL)[0m
  [1m[35m (0.2ms)[0m  [1m[35mDROP TABLE IF EXISTS "products"[0m
  [1m[35m (45.2ms)[0m  [1m[35mCREATE TABLE "products" ("id" INTEGER PRIMARY KEY AUTOINCREMENT NOT NULL, "name" varchar, "description" text, "price" decimal(10,2), "minimum_age_appropriate" integer, "maximum_age_appropriate" integer, "created_at" datetime NOT NULL, "updated_at" datetime NOT NULL)[0m
  [1m[35m (0.2ms)[0m  [1m[35mDROP TABLE IF EXISTS "reviews"[0m
  [1m[35m (19.0ms)[0m  [1m[35mCREATE TABLE "reviews" ("id" INTEGER PRIMARY KEY AUTOINCREMENT NOT NULL, "stars" integer, "review" varchar, "product_id" integer, "customer_id" integer, "created_at" datetime NOT NULL, "updated_at" datetime NOT NULL)[0m
  [1m[35m (16.1ms)[0m  [1m[35mCREATE  INDEX "index_reviews_on_customer_id" ON "reviews" ("customer_id")[0m
  [1m[35m (0.2ms)[0m  [1m[34m            SELECT sql
            FROM sqlite_master
            WHERE name='index_reviews_on_customer_id' AND type='index'
            UNION ALL
            SELECT sql
            FROM sqlite_temp_master
            WHERE name='index_reviews_on_customer_id' AND type='index'
[0m
  [1m[35m (15.6ms)[0m  [1m[35mCREATE  INDEX "index_reviews_on_product_id" ON "reviews" ("product_id")[0m
  [1m[35m (15.9ms)[0m  [1m[35mCREATE TABLE "schema_migrations" ("version" varchar NOT NULL PRIMARY KEY)[0m
  [1m[35m (0.2ms)[0m  [1m[34mSELECT "schema_migrations"."version" FROM "schema_migrations" ORDER BY "schema_migrations"."version" ASC[0m
  [1m[35m (19.5ms)[0m  [1m[32mINSERT INTO "schema_migrations" (version) VALUES (20180330172951)[0m
  [1m[35m (15.9ms)[0m  [1m[32mINSERT INTO "schema_migrations" (version) VALUES
(20171004233535),
(20180330172730);

[0m
  [1m[35m (67.1ms)[0m  [1m[35mCREATE TABLE "ar_internal_metadata" ("key" varchar NOT NULL PRIMARY KEY, "value" varchar, "created_at" datetime NOT NULL, "updated_at" datetime NOT NULL)[0m
  [1m[36mActiveRecord::InternalMetadata Load (0.3ms)[0m  [1m[34mSELECT  "ar_internal_metadata".* FROM "ar_internal_metadata" WHERE "ar_internal_metadata"."key" = ? LIMIT ?[0m  [["key", "environment"], ["LIMIT", 1]]
  [1m[35m (0.1ms)[0m  [1m[36mbegin transaction[0m
  [1m[35mSQL (1.7ms)[0m  [1m[32mINSERT INTO "ar_internal_metadata" ("key", "value", "created_at", "updated_at") VALUES (?, ?, ?, ?)[0m  [["key", "environment"], ["value", "development"], ["created_at", "2018-03-30 17:35:58.713100"], ["updated_at", "2018-03-30 17:35:58.713100"]]
  [1m[35m (16.4ms)[0m  [1m[36mcommit transaction[0m
  [1m[36mActiveRecord::InternalMetadata Load (0.1ms)[0m  [1m[34mSELECT  "ar_internal_metadata".* FROM "ar_internal_metadata" WHERE "ar_internal_metadata"."key" = ? LIMIT ?[0m  [["key", "environment"], ["LIMIT", 1]]
  [1m[35m (0.0ms)[0m  [1m[36mbegin transaction[0m
  [1m[35mSQL (1.5ms)[0m  [1m[33mUPDATE "ar_internal_metadata" SET "value" = ?, "updated_at" = ? WHERE "ar_internal_metadata"."key" = ?[0m  [["value", "test"], ["updated_at", "2018-03-30 17:35:58.745131"], ["key", "environment"]]
  [1m[35m (11.7ms)[0m  [1m[36mcommit transaction[0m
  [1m[35m (0.2ms)[0m  [1m[34mSELECT "schema_migrations"."version" FROM "schema_migrations" ORDER BY "schema_migrations"."version" ASC[0m
  [1m[35mSQL (0.2ms)[0m  [1m[31mDELETE FROM "products"[0m
  [1m[35m (0.0ms)[0m  [1m[36mbegin transaction[0m
  [1m[35mSQL (2.0ms)[0m  [1m[32mINSERT INTO "products" ("name", "description", "price", "created_at", "updated_at") VALUES (?, ?, ?, ?, ?)[0m  [["name", "Plush toy"], ["description", "It's cuddly and soft.  What more could you ask?"], ["price", 4.99], ["created_at", "2018-03-30 17:36:12.084421"], ["updated_at", "2018-03-30 17:36:12.084421"]]
  [1m[35m (12.5ms)[0m  [1m[36mcommit transaction[0m
  [1m[35m (0.1ms)[0m  [1m[36mbegin transaction[0m
  [1m[35mSQL (1.3ms)[0m  [1m[32mINSERT INTO "products" ("name", "description", "price", "minimum_age_appropriate", "created_at", "updated_at") VALUES (?, ?, ?, ?, ?, ?)[0m  [["name", "Buzz Lightyear Action Figure"], ["description", "Buzz Lightyear: for your inner space cadet."], ["price", 17.99], ["minimum_age_appropriate", 3], ["created_at", "2018-03-30 17:36:12.101305"], ["updated_at", "2018-03-30 17:36:12.101305"]]
  [1m[35m (11.8ms)[0m  [1m[36mcommit transaction[0m
  [1m[35m (0.0ms)[0m  [1m[36mbegin transaction[0m
  [1m[35mSQL (1.5ms)[0m  [1m[32mINSERT INTO "products" ("name", "description", "price", "minimum_age_appropriate", "maximum_age_appropriate", "created_at", "updated_at") VALUES (?, ?, ?, ?, ?, ?, ?)[0m  [["name", "Lost puppies board game"], ["description", "Cooperative game in which you collaborate to get lost puppies home before dark."], ["price", 19.99], ["minimum_age_appropriate", 4], ["maximum_age_appropriate", 12], ["created_at", "2018-03-30 17:36:12.116479"], ["updated_at", "2018-03-30 17:36:12.116479"]]
  [1m[35m (11.6ms)[0m  [1m[36mcommit transaction[0m
  [1m[35m (0.0ms)[0m  [1m[36mbegin transaction[0m
  [1m[35mSQL (1.5ms)[0m  [1m[32mINSERT INTO "products" ("name", "description", "price", "minimum_age_appropriate", "created_at", "updated_at") VALUES (?, ?, ?, ?, ?, ?)[0m  [["name", "Stick"], ["description", "Yes, it's a real stick.  Wooden.  A stick."], ["price", 0.5], ["minimum_age_appropriate", 5], ["created_at", "2018-03-30 17:36:12.131220"], ["updated_at", "2018-03-30 17:36:12.131220"]]
  [1m[35m (51.3ms)[0m  [1m[36mcommit transaction[0m
  [1m[35m (0.1ms)[0m  [1m[36mbegin transaction[0m
  [1m[35mSQL (2.1ms)[0m  [1m[32mINSERT INTO "products" ("name", "description", "price", "minimum_age_appropriate", "created_at", "updated_at") VALUES (?, ?, ?, ?, ?, ?)[0m  [["name", "Koosh ball"], ["description", "Far too much fun to throw these at an unsuspecting friend.  Makes a bad pillow."], ["price", 5.99], ["minimum_age_appropriate", 5], ["created_at", "2018-03-30 17:36:12.185365"], ["updated_at", "2018-03-30 17:36:12.185365"]]
  [1m[35m (14.6ms)[0m  [1m[36mcommit transaction[0m
  [1m[35m (0.0ms)[0m  [1m[36mbegin transaction[0m
  [1m[35mSQL (1.3ms)[0m  [1m[32mINSERT INTO "products" ("name", "description", "price", "minimum_age_appropriate", "maximum_age_appropriate", "created_at", "updated_at") VALUES (?, ?, ?, ?, ?, ?, ?)[0m  [["name", "Stacking blocks"], ["description", "Build them up, knock them down.  Endless entertainment."], ["price", 11.99], ["minimum_age_appropriate", 1], ["maximum_age_appropriate", 5], ["created_at", "2018-03-30 17:36:12.203622"], ["updated_at", "2018-03-30 17:36:12.203622"]]
  [1m[35m (15.7ms)[0m  [1m[36mcommit transaction[0m
  [1m[35m (0.1ms)[0m  [1m[36mbegin transaction[0m
  [1m[35mSQL (1.6ms)[0m  [1m[32mINSERT INTO "products" ("name", "description", "price", "minimum_age_appropriate", "maximum_age_appropriate", "created_at", "updated_at") VALUES (?, ?, ?, ?, ?, ?, ?)[0m  [["name", "Crinkly bunny"], ["description", "This fine bunny makes crinkly plastic noise when you touch it.  Will blow your baby's mind."], ["price", 2.99], ["minimum_age_appropriate", 0], ["maximum_age_appropriate", 0], ["created_at", "2018-03-30 17:36:12.223207"], ["updated_at", "2018-03-30 17:36:12.223207"]]
  [1m[35m (12.4ms)[0m  [1m[36mcommit transaction[0m
  [1m[35m (0.0ms)[0m  [1m[36mbegin transaction[0m
  [1m[35mSQL (2.2ms)[0m  [1m[32mINSERT INTO "customers" ("first", "last", "created_at", "updated_at") VALUES (?, ?, ?, ?)[0m  [["first", "Barack"], ["last", "Obama"], ["created_at", "2018-03-30 17:36:12.252868"], ["updated_at", "2018-03-30 17:36:12.252868"]]
  [1m[35m (11.7ms)[0m  [1m[36mcommit transaction[0m
  [1m[35m (0.1ms)[0m  [1m[36mbegin transaction[0m
  [1m[35mSQL (1.4ms)[0m  [1m[32mINSERT INTO "customers" ("first", "last", "created_at", "updated_at") VALUES (?, ?, ?, ?)[0m  [["first", "Michelle"], ["last", "Obama"], ["created_at", "2018-03-30 17:36:12.269469"], ["updated_at", "2018-03-30 17:36:12.269469"]]
  [1m[35m (12.2ms)[0m  [1m[36mcommit transaction[0m
  [1m[35m (0.0ms)[0m  [1m[36mbegin transaction[0m
  [1m[35m (0.0ms)[0m  [1m[31mrollback transaction[0m
  [1m[35m (0.0ms)[0m  [1m[36mbegin transaction[0m
  [1m[35mSQL (1.8ms)[0m  [1m[32mINSERT INTO "reviews" ("stars", "review", "product_id", "customer_id", "created_at", "updated_at") VALUES (?, ?, ?, ?, ?, ?)[0m  [["stars", 4], ["review", "It was pretty good."], ["product_id", 2], ["customer_id", 1], ["created_at", "2018-03-30 17:36:12.346085"], ["updated_at", "2018-03-30 17:36:12.346085"]]
  [1m[35m (10.7ms)[0m  [1m[36mcommit transaction[0m
  [1m[35m (0.0ms)[0m  [1m[36mbegin transaction[0m
  [1m[35m (0.0ms)[0m  [1m[31mrollback transaction[0m
  [1m[35m (0.0ms)[0m  [1m[36mbegin transaction[0m
  [1m[35mSQL (1.5ms)[0m  [1m[32mINSERT INTO "reviews" ("stars", "review", "product_id", "customer_id", "created_at", "updated_at") VALUES (?, ?, ?, ?, ?, ?)[0m  [["stars", 3], ["review", "It was meh."], ["product_id", 2], ["customer_id", 2], ["created_at", "2018-03-30 17:36:12.362718"], ["updated_at", "2018-03-30 17:36:12.362718"]]
  [1m[35m (10.7ms)[0m  [1m[36mcommit transaction[0m
  [1m[35m (0.0ms)[0m  [1m[36mbegin transaction[0m
  [1m[35m (0.0ms)[0m  [1m[31mrollback transaction[0m
  [1m[35m (0.0ms)[0m  [1m[36mbegin transaction[0m
  [1m[35mSQL (2.6ms)[0m  [1m[32mINSERT INTO "reviews" ("stars", "review", "product_id", "customer_id", "created_at", "updated_at") VALUES (?, ?, ?, ?, ?, ?)[0m  [["stars", 4], ["review", "It was pretty good."], ["product_id", 2], ["customer_id", 2], ["created_at", "2018-03-30 17:36:12.379948"], ["updated_at", "2018-03-30 17:36:12.379948"]]
  [1m[35m (16.3ms)[0m  [1m[36mcommit transaction[0m
  [1m[35m (0.1ms)[0m  [1m[36mbegin transaction[0m
  [1m[35m (0.0ms)[0m  [1m[31mrollback transaction[0m
  [1m[35m (0.0ms)[0m  [1m[36mbegin transaction[0m
  [1m[35mSQL (2.2ms)[0m  [1m[32mINSERT INTO "reviews" ("stars", "review", "product_id", "customer_id", "created_at", "updated_at") VALUES (?, ?, ?, ?, ?, ?)[0m  [["stars", 4], ["review", "It was pretty good."], ["product_id", 3], ["customer_id", 2], ["created_at", "2018-03-30 17:36:12.401679"], ["updated_at", "2018-03-30 17:36:12.401679"]]
  [1m[35m (61.9ms)[0m  [1m[36mcommit transaction[0m
  [1m[35m (0.0ms)[0m  [1m[36mbegin transaction[0m
  [1m[35m (0.0ms)[0m  [1m[31mrollback transaction[0m
  [1m[35m (0.0ms)[0m  [1m[36mbegin transaction[0m
  [1m[35mSQL (1.7ms)[0m  [1m[32mINSERT INTO "reviews" ("stars", "review", "product_id", "customer_id", "created_at", "updated_at") VALUES (?, ?, ?, ?, ?, ?)[0m  [["stars", 5], ["review", "It was awesome."], ["product_id", 3], ["customer_id", 2], ["created_at", "2018-03-30 17:36:12.470567"], ["updated_at", "2018-03-30 17:36:12.470567"]]
  [1m[35m (11.3ms)[0m  [1m[36mcommit transaction[0m
  [1m[35m (0.0ms)[0m  [1m[36mbegin transaction[0m
  [1m[35m (0.0ms)[0m  [1m[31mrollback transaction[0m
  [1m[35m (0.0ms)[0m  [1m[36mbegin transaction[0m
  [1m[35mSQL (1.7ms)[0m  [1m[32mINSERT INTO "reviews" ("stars", "review", "product_id", "customer_id", "created_at", "updated_at") VALUES (?, ?, ?, ?, ?, ?)[0m  [["stars", 5], ["review", "It was awesome."], ["product_id", 3], ["customer_id", 2], ["created_at", "2018-03-30 17:36:12.488159"], ["updated_at", "2018-03-30 17:36:12.488159"]]
  [1m[35m (10.9ms)[0m  [1m[36mcommit transaction[0m
  [1m[35m (0.1ms)[0m  [1m[36mbegin transaction[0m
  [1m[35m (0.0ms)[0m  [1m[31mrollback transaction[0m
  [1m[35m (0.1ms)[0m  [1m[36mbegin transaction[0m
  [1m[35mSQL (1.6ms)[0m  [1m[32mINSERT INTO "reviews" ("stars", "review", "product_id", "customer_id", "created_at", "updated_at") VALUES (?, ?, ?, ?, ?, ?)[0m  [["stars", 5], ["review", "It was awesome."], ["product_id", 4], ["customer_id", 2], ["created_at", "2018-03-30 17:36:12.506063"], ["updated_at", "2018-03-30 17:36:12.506063"]]
  [1m[35m (11.9ms)[0m  [1m[36mcommit transaction[0m
  [1m[35m (0.1ms)[0m  [1m[36mbegin transaction[0m
  [1m[35m (0.0ms)[0m  [1m[31mrollback transaction[0m
  [1m[35m (0.0ms)[0m  [1m[36mbegin transaction[0m
  [1m[35mSQL (1.8ms)[0m  [1m[32mINSERT INTO "reviews" ("stars", "review", "product_id", "customer_id", "created_at", "updated_at") VALUES (?, ?, ?, ?, ?, ?)[0m  [["stars", 1], ["review", "It was terrible."], ["product_id", 4], ["customer_id", 1], ["created_at", "2018-03-30 17:36:12.523837"], ["updated_at", "2018-03-30 17:36:12.523837"]]
  [1m[35m (13.3ms)[0m  [1m[36mcommit transaction[0m
  [1m[35m (0.0ms)[0m  [1m[36mbegin transaction[0m
  [1m[35m (0.0ms)[0m  [1m[31mrollback transaction[0m
  [1m[35m (0.0ms)[0m  [1m[36mbegin transaction[0m
  [1m[35mSQL (1.5ms)[0m  [1m[32mINSERT INTO "reviews" ("stars", "review", "product_id", "customer_id", "created_at", "updated_at") VALUES (?, ?, ?, ?, ?, ?)[0m  [["stars", 4], ["review", "It was pretty good."], ["product_id", 4], ["customer_id", 2], ["created_at", "2018-03-30 17:36:12.544277"], ["updated_at", "2018-03-30 17:36:12.544277"]]
  [1m[35m (10.9ms)[0m  [1m[36mcommit transaction[0m
  [1m[35m (0.1ms)[0m  [1m[36mbegin transaction[0m
  [1m[35m (0.0ms)[0m  [1m[31mrollback transaction[0m
  [1m[35m (0.0ms)[0m  [1m[36mbegin transaction[0m
  [1m[35mSQL (1.9ms)[0m  [1m[32mINSERT INTO "reviews" ("stars", "review", "product_id", "customer_id", "created_at", "updated_at") VALUES (?, ?, ?, ?, ?, ?)[0m  [["stars", 1], ["review", "It was terrible."], ["product_id", 5], ["customer_id", 1], ["created_at", "2018-03-30 17:36:12.564880"], ["updated_at", "2018-03-30 17:36:12.564880"]]
  [1m[35m (11.6ms)[0m  [1m[36mcommit transaction[0m
  [1m[35m (0.0ms)[0m  [1m[36mbegin transaction[0m
  [1m[35m (0.0ms)[0m  [1m[31mrollback transaction[0m
  [1m[35m (0.0ms)[0m  [1m[36mbegin transaction[0m
  [1m[35mSQL (1.5ms)[0m  [1m[32mINSERT INTO "reviews" ("stars", "review", "product_id", "customer_id", "created_at", "updated_at") VALUES (?, ?, ?, ?, ?, ?)[0m  [["stars", 2], ["review", "It was not great."], ["product_id", 5], ["customer_id", 1], ["created_at", "2018-03-30 17:36:12.582396"], ["updated_at", "2018-03-30 17:36:12.582396"]]
  [1m[35m (11.8ms)[0m  [1m[36mcommit transaction[0m
  [1m[35m (0.0ms)[0m  [1m[36mbegin transaction[0m
  [1m[35m (0.0ms)[0m  [1m[31mrollback transaction[0m
  [1m[35m (0.0ms)[0m  [1m[36mbegin transaction[0m
  [1m[35mSQL (1.5ms)[0m  [1m[32mINSERT INTO "reviews" ("stars", "review", "product_id", "customer_id", "created_at", "updated_at") VALUES (?, ?, ?, ?, ?, ?)[0m  [["stars", 5], ["review", "It was awesome."], ["product_id", 5], ["customer_id", 2], ["created_at", "2018-03-30 17:36:12.598847"], ["updated_at", "2018-03-30 17:36:12.598847"]]
  [1m[35m (11.4ms)[0m  [1m[36mcommit transaction[0m
  [1m[35m (0.0ms)[0m  [1m[36mbegin transaction[0m
  [1m[35m (0.0ms)[0m  [1m[31mrollback transaction[0m
  [1m[35m (0.0ms)[0m  [1m[36mbegin transaction[0m
  [1m[35mSQL (1.9ms)[0m  [1m[32mINSERT INTO "reviews" ("stars", "review", "product_id", "customer_id", "created_at", "updated_at") VALUES (?, ?, ?, ?, ?, ?)[0m  [["stars", 1], ["review", "It was terrible."], ["product_id", 5], ["customer_id", 2], ["created_at", "2018-03-30 17:36:12.616480"], ["updated_at", "2018-03-30 17:36:12.616480"]]
  [1m[35m (16.2ms)[0m  [1m[36mcommit transaction[0m
  [1m[35m (0.1ms)[0m  [1m[36mbegin transaction[0m
  [1m[35m (0.0ms)[0m  [1m[31mrollback transaction[0m
  [1m[35m (0.0ms)[0m  [1m[36mbegin transaction[0m
  [1m[35mSQL (1.7ms)[0m  [1m[32mINSERT INTO "reviews" ("stars", "review", "product_id", "customer_id", "created_at", "updated_at") VALUES (?, ?, ?, ?, ?, ?)[0m  [["stars", 5], ["review", "It was awesome."], ["product_id", 6], ["customer_id", 1], ["created_at", "2018-03-30 17:36:12.639401"], ["updated_at", "2018-03-30 17:36:12.639401"]]
  [1m[35m (14.2ms)[0m  [1m[36mcommit transaction[0m
  [1m[35m (0.1ms)[0m  [1m[36mbegin transaction[0m
  [1m[35m (0.0ms)[0m  [1m[31mrollback transaction[0m
  [1m[35m (0.0ms)[0m  [1m[36mbegin transaction[0m
  [1m[35mSQL (1.8ms)[0m  [1m[32mINSERT INTO "reviews" ("stars", "review", "product_id", "customer_id", "created_at", "updated_at") VALUES (?, ?, ?, ?, ?, ?)[0m  [["stars", 1], ["review", "It was terrible."], ["product_id", 6], ["customer_id", 1], ["created_at", "2018-03-30 17:36:12.659311"], ["updated_at", "2018-03-30 17:36:12.659311"]]
  [1m[35m (13.4ms)[0m  [1m[36mcommit transaction[0m
  [1m[35m (0.1ms)[0m  [1m[36mbegin transaction[0m
  [1m[35m (0.0ms)[0m  [1m[31mrollback transaction[0m
  [1m[35m (0.0ms)[0m  [1m[36mbegin transaction[0m
  [1m[35mSQL (2.4ms)[0m  [1m[32mINSERT INTO "reviews" ("stars", "review", "product_id", "customer_id", "created_at", "updated_at") VALUES (?, ?, ?, ?, ?, ?)[0m  [["stars", 1], ["review", "It was terrible."], ["product_id", 7], ["customer_id", 1], ["created_at", "2018-03-30 17:36:12.679642"], ["updated_at", "2018-03-30 17:36:12.679642"]]
  [1m[35m (13.6ms)[0m  [1m[36mcommit transaction[0m
  [1m[35m (0.0ms)[0m  [1m[36mbegin transaction[0m
  [1m[35m (0.0ms)[0m  [1m[31mrollback transaction[0m
  [1m[35m (0.0ms)[0m  [1m[36mbegin transaction[0m
  [1m[35mSQL (1.5ms)[0m  [1m[32mINSERT INTO "reviews" ("stars", "review", "product_id", "customer_id", "created_at", "updated_at") VALUES (?, ?, ?, ?, ?, ?)[0m  [["stars", 4], ["review", "It was pretty good."], ["product_id", 7], ["customer_id", 2], ["created_at", "2018-03-30 17:36:12.698266"], ["updated_at", "2018-03-30 17:36:12.698266"]]
  [1m[35m (14.5ms)[0m  [1m[36mcommit transaction[0m
  [1m[35m (0.1ms)[0m  [1m[36mbegin transaction[0m
  [1m[35m (0.1ms)[0m  [1m[31mrollback transaction[0m
  [1m[35m (0.0ms)[0m  [1m[36mbegin transaction[0m
  [1m[35mSQL (1.9ms)[0m  [1m[32mINSERT INTO "reviews" ("stars", "review", "product_id", "customer_id", "created_at", "updated_at") VALUES (?, ?, ?, ?, ?, ?)[0m  [["stars", 2], ["review", "It was not great."], ["product_id", 7], ["customer_id", 2], ["created_at", "2018-03-30 17:36:12.721363"], ["updated_at", "2018-03-30 17:36:12.721363"]]
  [1m[35m (12.0ms)[0m  [1m[36mcommit transaction[0m
  [1m[35m (0.1ms)[0m  [1m[36mbegin transaction[0m
  [1m[35m (0.0ms)[0m  [1m[31mrollback transaction[0m
  [1m[35m (0.0ms)[0m  [1m[36mbegin transaction[0m
  [1m[35m (0.0ms)[0m  [1m[31mrollback transaction[0m
  [1m[35m (0.0ms)[0m  [1m[36mbegin transaction[0m
  [1m[35m (0.0ms)[0m  [1m[31mrollback transaction[0m
  [1m[35m (0.0ms)[0m  [1m[36mbegin transaction[0m
  [1m[35m (0.0ms)[0m  [1m[31mrollback transaction[0m
  [1m[35m (0.0ms)[0m  [1m[36mbegin transaction[0m
  [1m[35m (0.0ms)[0m  [1m[31mrollback transaction[0m
  [1m[35m (0.0ms)[0m  [1m[36mbegin transaction[0m
  [1m[35m (0.0ms)[0m  [1m[31mrollback transaction[0m
  [1m[35m (0.1ms)[0m  [1m[36mbegin transaction[0m
  [1m[35mSQL (1.8ms)[0m  [1m[32mINSERT INTO "products" ("created_at", "updated_at") VALUES (?, ?)[0m  [["created_at", "2018-03-30 17:45:48.513708"], ["updated_at", "2018-03-30 17:45:48.513708"]]
  [1m[35m (47.1ms)[0m  [1m[36mcommit transaction[0m
  [1m[35m (0.2ms)[0m  [1m[34mSELECT AVG("products"."price") FROM "products"[0m
  [1m[35m (0.3ms)[0m  [1m[34mSELECT AVG(stars) FROM "products"[0m
  [1m[36mReview Load (4.1ms)[0m  [1m[34mSELECT  "reviews".* FROM "reviews" GROUP BY "reviews"."product_id" LIMIT ?[0m  [["LIMIT", 11]]
  [1m[35m (0.2ms)[0m  [1m[34mSELECT AVG("reviews"."stars") AS average_stars, "reviews"."product_id" AS reviews_product_id FROM "reviews" GROUP BY "reviews"."product_id"[0m
Started GET "/" for 127.0.0.1 at 2018-03-30 14:20:56 -0400
  [1m[35m (0.4ms)[0m  [1m[34mSELECT "schema_migrations"."version" FROM "schema_migrations" ORDER BY "schema_migrations"."version" ASC[0m
Processing by ProductsController#index as HTML
Completed 500 Internal Server Error in 3ms (ActiveRecord: 0.0ms)


  
SyntaxError (/mnt/c/Users/Chris`/Desktop Dickhead/Spring_2018_Colgate/Soft_Engi/06/cosc480-lab6-cmking54/app/models/product.rb:4: syntax error, unexpected '(', expecting keyword_end
  scope :with_rating (average_rating) -> { Product.g
                      ^):
  
app/models/product.rb:4: syntax error, unexpected '(', expecting keyword_end
app/controllers/products_controller.rb:4:in `index'
Started GET "/" for 127.0.0.1 at 2018-03-30 14:22:30 -0400
Processing by ProductsController#index as HTML
Completed 500 Internal Server Error in 2ms


  
SyntaxError (/mnt/c/Users/Chris`/Desktop Dickhead/Spring_2018_Colgate/Soft_Engi/06/cosc480-lab6-cmking54/app/models/product.rb:4: syntax error, unexpected ->, expecting keyword_end
  scope :with_rating -> (average_rating) { Product.gr
                       ^):
  
app/models/product.rb:4: syntax error, unexpected ->, expecting keyword_end
app/controllers/products_controller.rb:4:in `index'
Started GET "/" for 127.0.0.1 at 2018-03-30 14:24:30 -0400
Processing by ProductsController#index as HTML
  Rendering products/index.html.haml within layouts/application
  [1m[36mProduct Load (0.4ms)[0m  [1m[34mSELECT "products".* FROM "products" ORDER BY name[0m
  Rendered products/index.html.haml within layouts/application (359.4ms)
Completed 500 Internal Server Error in 394ms (ActiveRecord: 2.4ms)


  
ActionView::Template::Error (undefined local variable or method `average_rating' for #<#<Class:0x0000000004fd9f18>:0x0000000004fd2b50>):
    15:         %td.productdesc= p.description
    16:         %td.productages= p.age_range
    17:         %td.productprice= number_to_currency(p.price)
    18:         %td.productrating= average_rating.nil? ? "Not Reviewed" : average_rating.round(1) 
  
app/views/products/index.html.haml:18:in `block in _app_views_products_index_html_haml___1087397604181472625_41868440'
app/views/products/index.html.haml:12:in `_app_views_products_index_html_haml___1087397604181472625_41868440'
Started GET "/" for 127.0.0.1 at 2018-03-30 14:25:20 -0400
Processing by ProductsController#index as HTML
  Rendering products/index.html.haml within layouts/application
  [1m[36mProduct Load (0.4ms)[0m  [1m[34mSELECT "products".* FROM "products" ORDER BY name[0m
  [1m[35m (0.2ms)[0m  [1m[34mSELECT AVG("reviews"."stars") FROM "reviews" WHERE "reviews"."product_id" = ?[0m  [["product_id", 8]]
  [1m[35m (0.2ms)[0m  [1m[34mSELECT AVG("reviews"."stars") FROM "reviews" WHERE "reviews"."product_id" = ?[0m  [["product_id", 2]]
  [1m[35mCACHE  (0.0ms)[0m  [1m[34mSELECT AVG("reviews"."stars") FROM "reviews" WHERE "reviews"."product_id" = ?[0m  [["product_id", 2]]
  [1m[35m (0.2ms)[0m  [1m[34mSELECT AVG("reviews"."stars") FROM "reviews" WHERE "reviews"."product_id" = ?[0m  [["product_id", 7]]
  [1m[35mCACHE  (0.0ms)[0m  [1m[34mSELECT AVG("reviews"."stars") FROM "reviews" WHERE "reviews"."product_id" = ?[0m  [["product_id", 7]]
  [1m[35m (0.4ms)[0m  [1m[34mSELECT AVG("reviews"."stars") FROM "reviews" WHERE "reviews"."product_id" = ?[0m  [["product_id", 5]]
  [1m[35mCACHE  (0.0ms)[0m  [1m[34mSELECT AVG("reviews"."stars") FROM "reviews" WHERE "reviews"."product_id" = ?[0m  [["product_id", 5]]
  [1m[35m (0.2ms)[0m  [1m[34mSELECT AVG("reviews"."stars") FROM "reviews" WHERE "reviews"."product_id" = ?[0m  [["product_id", 3]]
  [1m[35mCACHE  (0.0ms)[0m  [1m[34mSELECT AVG("reviews"."stars") FROM "reviews" WHERE "reviews"."product_id" = ?[0m  [["product_id", 3]]
  [1m[35m (0.2ms)[0m  [1m[34mSELECT AVG("reviews"."stars") FROM "reviews" WHERE "reviews"."product_id" = ?[0m  [["product_id", 1]]
  [1m[35m (0.2ms)[0m  [1m[34mSELECT AVG("reviews"."stars") FROM "reviews" WHERE "reviews"."product_id" = ?[0m  [["product_id", 6]]
  [1m[35mCACHE  (0.0ms)[0m  [1m[34mSELECT AVG("reviews"."stars") FROM "reviews" WHERE "reviews"."product_id" = ?[0m  [["product_id", 6]]
  [1m[35m (0.2ms)[0m  [1m[34mSELECT AVG("reviews"."stars") FROM "reviews" WHERE "reviews"."product_id" = ?[0m  [["product_id", 4]]
  [1m[35mCACHE  (0.0ms)[0m  [1m[34mSELECT AVG("reviews"."stars") FROM "reviews" WHERE "reviews"."product_id" = ?[0m  [["product_id", 4]]
  Rendered products/index.html.haml within layouts/application (171.6ms)
Completed 200 OK in 1795ms (Views: 1790.0ms | ActiveRecord: 2.9ms)


Started GET "/products/2" for 127.0.0.1 at 2018-03-30 14:26:23 -0400
Processing by ProductsController#show as HTML
  Parameters: {"id"=>"2"}
  [1m[36mProduct Load (0.2ms)[0m  [1m[34mSELECT  "products".* FROM "products" WHERE "products"."id" = ? LIMIT ?[0m  [["id", 2], ["LIMIT", 1]]
  Rendering products/show.html.haml within layouts/application
  [1m[35m (0.2ms)[0m  [1m[34mSELECT AVG("reviews"."stars") FROM "reviews" WHERE "reviews"."product_id" = ?[0m  [["product_id", 2]]
  [1m[36mReview Load (0.2ms)[0m  [1m[34mSELECT "reviews".* FROM "reviews" WHERE "reviews"."product_id" = ?[0m  [["product_id", 2]]
  [1m[36mCustomer Load (0.2ms)[0m  [1m[34mSELECT  "customers".* FROM "customers" WHERE "customers"."id" = ? LIMIT ?[0m  [["id", 1], ["LIMIT", 1]]
  [1m[36mCustomer Load (0.2ms)[0m  [1m[34mSELECT  "customers".* FROM "customers" WHERE "customers"."id" = ? LIMIT ?[0m  [["id", 2], ["LIMIT", 1]]
  [1m[36mCACHE Customer Load (0.0ms)[0m  [1m[34mSELECT  "customers".* FROM "customers" WHERE "customers"."id" = ? LIMIT ?[0m  [["id", 2], ["LIMIT", 1]]
  Rendered products/show.html.haml within layouts/application (40.8ms)
Completed 200 OK in 80ms (Views: 64.9ms | ActiveRecord: 1.9ms)


Started GET "/products/2" for 127.0.0.1 at 2018-03-30 14:28:29 -0400
Processing by ProductsController#show as HTML
  Parameters: {"id"=>"2"}
  [1m[36mProduct Load (0.1ms)[0m  [1m[34mSELECT  "products".* FROM "products" WHERE "products"."id" = ? LIMIT ?[0m  [["id", 2], ["LIMIT", 1]]
  Rendering products/show.html.haml within layouts/application
  [1m[35m (0.3ms)[0m  [1m[34mSELECT AVG("reviews"."stars") FROM "reviews" WHERE "reviews"."product_id" = ?[0m  [["product_id", 2]]
  [1m[36mReview Load (0.2ms)[0m  [1m[34mSELECT "reviews".* FROM "reviews" WHERE "reviews"."product_id" = ?[0m  [["product_id", 2]]
  [1m[36mCustomer Load (0.1ms)[0m  [1m[34mSELECT  "customers".* FROM "customers" WHERE "customers"."id" = ? LIMIT ?[0m  [["id", 1], ["LIMIT", 1]]
  [1m[36mCustomer Load (0.1ms)[0m  [1m[34mSELECT  "customers".* FROM "customers" WHERE "customers"."id" = ? LIMIT ?[0m  [["id", 2], ["LIMIT", 1]]
  [1m[36mCACHE Customer Load (0.0ms)[0m  [1m[34mSELECT  "customers".* FROM "customers" WHERE "customers"."id" = ? LIMIT ?[0m  [["id", 2], ["LIMIT", 1]]
  Rendered products/show.html.haml within layouts/application (10.0ms)
Completed 200 OK in 37ms (Views: 33.6ms | ActiveRecord: 0.8ms)


Started GET "/products/2" for 127.0.0.1 at 2018-03-30 14:29:11 -0400
Processing by ProductsController#show as HTML
  Parameters: {"id"=>"2"}
  [1m[36mProduct Load (0.2ms)[0m  [1m[34mSELECT  "products".* FROM "products" WHERE "products"."id" = ? LIMIT ?[0m  [["id", 2], ["LIMIT", 1]]
  Rendering products/show.html.haml within layouts/application
  [1m[35m (0.2ms)[0m  [1m[34mSELECT AVG("reviews"."stars") FROM "reviews" WHERE "reviews"."product_id" = ?[0m  [["product_id", 2]]
  [1m[36mReview Load (0.2ms)[0m  [1m[34mSELECT "reviews".* FROM "reviews" WHERE "reviews"."product_id" = ?[0m  [["product_id", 2]]
  [1m[36mCustomer Load (0.1ms)[0m  [1m[34mSELECT  "customers".* FROM "customers" WHERE "customers"."id" = ? LIMIT ?[0m  [["id", 1], ["LIMIT", 1]]
  [1m[36mCustomer Load (0.2ms)[0m  [1m[34mSELECT  "customers".* FROM "customers" WHERE "customers"."id" = ? LIMIT ?[0m  [["id", 2], ["LIMIT", 1]]
  [1m[36mCACHE Customer Load (0.0ms)[0m  [1m[34mSELECT  "customers".* FROM "customers" WHERE "customers"."id" = ? LIMIT ?[0m  [["id", 2], ["LIMIT", 1]]
  Rendered products/show.html.haml within layouts/application (10.4ms)
Completed 200 OK in 40ms (Views: 37.4ms | ActiveRecord: 1.0ms)


Started GET "/products/2" for 127.0.0.1 at 2018-03-30 14:29:24 -0400
Processing by ProductsController#show as HTML
  Parameters: {"id"=>"2"}
  [1m[36mProduct Load (0.2ms)[0m  [1m[34mSELECT  "products".* FROM "products" WHERE "products"."id" = ? LIMIT ?[0m  [["id", 2], ["LIMIT", 1]]
  Rendering products/show.html.haml within layouts/application
  [1m[35m (0.2ms)[0m  [1m[34mSELECT AVG("reviews"."stars") FROM "reviews" WHERE "reviews"."product_id" = ?[0m  [["product_id", 2]]
  [1m[36mReview Load (0.1ms)[0m  [1m[34mSELECT "reviews".* FROM "reviews" WHERE "reviews"."product_id" = ?[0m  [["product_id", 2]]
  [1m[36mCustomer Load (0.1ms)[0m  [1m[34mSELECT  "customers".* FROM "customers" WHERE "customers"."id" = ? LIMIT ?[0m  [["id", 1], ["LIMIT", 1]]
  [1m[36mCustomer Load (0.1ms)[0m  [1m[34mSELECT  "customers".* FROM "customers" WHERE "customers"."id" = ? LIMIT ?[0m  [["id", 2], ["LIMIT", 1]]
  [1m[36mCACHE Customer Load (0.0ms)[0m  [1m[34mSELECT  "customers".* FROM "customers" WHERE "customers"."id" = ? LIMIT ?[0m  [["id", 2], ["LIMIT", 1]]
  Rendered products/show.html.haml within layouts/application (10.2ms)
Completed 200 OK in 41ms (Views: 36.3ms | ActiveRecord: 0.8ms)


Started GET "/products/2" for 127.0.0.1 at 2018-03-30 14:29:54 -0400
Processing by ProductsController#show as HTML
  Parameters: {"id"=>"2"}
  [1m[36mProduct Load (0.2ms)[0m  [1m[34mSELECT  "products".* FROM "products" WHERE "products"."id" = ? LIMIT ?[0m  [["id", 2], ["LIMIT", 1]]
  Rendering products/show.html.haml within layouts/application
  [1m[35m (0.3ms)[0m  [1m[34mSELECT AVG("reviews"."stars") FROM "reviews" WHERE "reviews"."product_id" = ?[0m  [["product_id", 2]]
  [1m[36mReview Load (0.2ms)[0m  [1m[34mSELECT "reviews".* FROM "reviews" WHERE "reviews"."product_id" = ?[0m  [["product_id", 2]]
  [1m[36mCustomer Load (0.1ms)[0m  [1m[34mSELECT  "customers".* FROM "customers" WHERE "customers"."id" = ? LIMIT ?[0m  [["id", 1], ["LIMIT", 1]]
  [1m[36mCustomer Load (0.1ms)[0m  [1m[34mSELECT  "customers".* FROM "customers" WHERE "customers"."id" = ? LIMIT ?[0m  [["id", 2], ["LIMIT", 1]]
  [1m[36mCACHE Customer Load (0.0ms)[0m  [1m[34mSELECT  "customers".* FROM "customers" WHERE "customers"."id" = ? LIMIT ?[0m  [["id", 2], ["LIMIT", 1]]
  Rendered products/show.html.haml within layouts/application (12.5ms)
Completed 200 OK in 52ms (Views: 48.4ms | ActiveRecord: 0.9ms)


Started GET "/products" for 127.0.0.1 at 2018-03-30 14:30:04 -0400
Processing by ProductsController#index as HTML
  Rendering products/index.html.haml within layouts/application
  [1m[36mProduct Load (0.3ms)[0m  [1m[34mSELECT "products".* FROM "products" ORDER BY name[0m
  [1m[35m (0.2ms)[0m  [1m[34mSELECT AVG("reviews"."stars") FROM "reviews" WHERE "reviews"."product_id" = ?[0m  [["product_id", 8]]
  [1m[35m (0.2ms)[0m  [1m[34mSELECT AVG("reviews"."stars") FROM "reviews" WHERE "reviews"."product_id" = ?[0m  [["product_id", 2]]
  [1m[35mCACHE  (0.0ms)[0m  [1m[34mSELECT AVG("reviews"."stars") FROM "reviews" WHERE "reviews"."product_id" = ?[0m  [["product_id", 2]]
  [1m[35m (0.2ms)[0m  [1m[34mSELECT AVG("reviews"."stars") FROM "reviews" WHERE "reviews"."product_id" = ?[0m  [["product_id", 7]]
  [1m[35mCACHE  (0.0ms)[0m  [1m[34mSELECT AVG("reviews"."stars") FROM "reviews" WHERE "reviews"."product_id" = ?[0m  [["product_id", 7]]
  [1m[35m (0.2ms)[0m  [1m[34mSELECT AVG("reviews"."stars") FROM "reviews" WHERE "reviews"."product_id" = ?[0m  [["product_id", 5]]
  [1m[35mCACHE  (0.0ms)[0m  [1m[34mSELECT AVG("reviews"."stars") FROM "reviews" WHERE "reviews"."product_id" = ?[0m  [["product_id", 5]]
  [1m[35m (0.2ms)[0m  [1m[34mSELECT AVG("reviews"."stars") FROM "reviews" WHERE "reviews"."product_id" = ?[0m  [["product_id", 3]]
  [1m[35mCACHE  (0.0ms)[0m  [1m[34mSELECT AVG("reviews"."stars") FROM "reviews" WHERE "reviews"."product_id" = ?[0m  [["product_id", 3]]
  [1m[35m (0.5ms)[0m  [1m[34mSELECT AVG("reviews"."stars") FROM "reviews" WHERE "reviews"."product_id" = ?[0m  [["product_id", 1]]
  [1m[35m (0.2ms)[0m  [1m[34mSELECT AVG("reviews"."stars") FROM "reviews" WHERE "reviews"."product_id" = ?[0m  [["product_id", 6]]
  [1m[35mCACHE  (0.0ms)[0m  [1m[34mSELECT AVG("reviews"."stars") FROM "reviews" WHERE "reviews"."product_id" = ?[0m  [["product_id", 6]]
  [1m[35m (0.2ms)[0m  [1m[34mSELECT AVG("reviews"."stars") FROM "reviews" WHERE "reviews"."product_id" = ?[0m  [["product_id", 4]]
  [1m[35mCACHE  (0.0ms)[0m  [1m[34mSELECT AVG("reviews"."stars") FROM "reviews" WHERE "reviews"."product_id" = ?[0m  [["product_id", 4]]
  Rendered products/index.html.haml within layouts/application (22.9ms)
Completed 200 OK in 51ms (Views: 48.1ms | ActiveRecord: 2.1ms)


Started GET "/products?order=stars" for 127.0.0.1 at 2018-03-30 14:30:06 -0400
Processing by ProductsController#index as HTML
  Parameters: {"order"=>"stars"}
  Rendering products/index.html.haml within layouts/application
  [1m[36mProduct Load (0.6ms)[0m  [1m[34mSELECT "products".* FROM "products" ORDER BY name[0m
  [1m[35m (0.3ms)[0m  [1m[34mSELECT AVG("reviews"."stars") FROM "reviews" WHERE "reviews"."product_id" = ?[0m  [["product_id", 8]]
  [1m[35m (0.2ms)[0m  [1m[34mSELECT AVG("reviews"."stars") FROM "reviews" WHERE "reviews"."product_id" = ?[0m  [["product_id", 2]]
  [1m[35mCACHE  (0.0ms)[0m  [1m[34mSELECT AVG("reviews"."stars") FROM "reviews" WHERE "reviews"."product_id" = ?[0m  [["product_id", 2]]
  [1m[35m (0.2ms)[0m  [1m[34mSELECT AVG("reviews"."stars") FROM "reviews" WHERE "reviews"."product_id" = ?[0m  [["product_id", 7]]
  [1m[35mCACHE  (0.2ms)[0m  [1m[34mSELECT AVG("reviews"."stars") FROM "reviews" WHERE "reviews"."product_id" = ?[0m  [["product_id", 7]]
  [1m[35m (0.2ms)[0m  [1m[34mSELECT AVG("reviews"."stars") FROM "reviews" WHERE "reviews"."product_id" = ?[0m  [["product_id", 5]]
  [1m[35mCACHE  (0.0ms)[0m  [1m[34mSELECT AVG("reviews"."stars") FROM "reviews" WHERE "reviews"."product_id" = ?[0m  [["product_id", 5]]
  [1m[35m (0.2ms)[0m  [1m[34mSELECT AVG("reviews"."stars") FROM "reviews" WHERE "reviews"."product_id" = ?[0m  [["product_id", 3]]
  [1m[35mCACHE  (0.0ms)[0m  [1m[34mSELECT AVG("reviews"."stars") FROM "reviews" WHERE "reviews"."product_id" = ?[0m  [["product_id", 3]]
  [1m[35m (0.4ms)[0m  [1m[34mSELECT AVG("reviews"."stars") FROM "reviews" WHERE "reviews"."product_id" = ?[0m  [["product_id", 1]]
  [1m[35m (0.2ms)[0m  [1m[34mSELECT AVG("reviews"."stars") FROM "reviews" WHERE "reviews"."product_id" = ?[0m  [["product_id", 6]]
  [1m[35mCACHE  (0.0ms)[0m  [1m[34mSELECT AVG("reviews"."stars") FROM "reviews" WHERE "reviews"."product_id" = ?[0m  [["product_id", 6]]
  [1m[35m (0.2ms)[0m  [1m[34mSELECT AVG("reviews"."stars") FROM "reviews" WHERE "reviews"."product_id" = ?[0m  [["product_id", 4]]
  [1m[35mCACHE  (0.0ms)[0m  [1m[34mSELECT AVG("reviews"."stars") FROM "reviews" WHERE "reviews"."product_id" = ?[0m  [["product_id", 4]]
  Rendered products/index.html.haml within layouts/application (25.9ms)
Completed 200 OK in 56ms (Views: 52.4ms | ActiveRecord: 2.8ms)


Started GET "/products?order=stars" for 127.0.0.1 at 2018-03-30 14:30:09 -0400
Processing by ProductsController#index as HTML
  Parameters: {"order"=>"stars"}
  Rendering products/index.html.haml within layouts/application
  [1m[36mProduct Load (0.3ms)[0m  [1m[34mSELECT "products".* FROM "products" ORDER BY name[0m
  [1m[35m (0.2ms)[0m  [1m[34mSELECT AVG("reviews"."stars") FROM "reviews" WHERE "reviews"."product_id" = ?[0m  [["product_id", 8]]
  [1m[35m (0.2ms)[0m  [1m[34mSELECT AVG("reviews"."stars") FROM "reviews" WHERE "reviews"."product_id" = ?[0m  [["product_id", 2]]
  [1m[35mCACHE  (0.0ms)[0m  [1m[34mSELECT AVG("reviews"."stars") FROM "reviews" WHERE "reviews"."product_id" = ?[0m  [["product_id", 2]]
  [1m[35m (0.2ms)[0m  [1m[34mSELECT AVG("reviews"."stars") FROM "reviews" WHERE "reviews"."product_id" = ?[0m  [["product_id", 7]]
  [1m[35mCACHE  (0.0ms)[0m  [1m[34mSELECT AVG("reviews"."stars") FROM "reviews" WHERE "reviews"."product_id" = ?[0m  [["product_id", 7]]
  [1m[35m (0.2ms)[0m  [1m[34mSELECT AVG("reviews"."stars") FROM "reviews" WHERE "reviews"."product_id" = ?[0m  [["product_id", 5]]
  [1m[35mCACHE  (0.0ms)[0m  [1m[34mSELECT AVG("reviews"."stars") FROM "reviews" WHERE "reviews"."product_id" = ?[0m  [["product_id", 5]]
  [1m[35m (0.4ms)[0m  [1m[34mSELECT AVG("reviews"."stars") FROM "reviews" WHERE "reviews"."product_id" = ?[0m  [["product_id", 3]]
  [1m[35mCACHE  (0.0ms)[0m  [1m[34mSELECT AVG("reviews"."stars") FROM "reviews" WHERE "reviews"."product_id" = ?[0m  [["product_id", 3]]
  [1m[35m (0.2ms)[0m  [1m[34mSELECT AVG("reviews"."stars") FROM "reviews" WHERE "reviews"."product_id" = ?[0m  [["product_id", 1]]
  [1m[35m (0.4ms)[0m  [1m[34mSELECT AVG("reviews"."stars") FROM "reviews" WHERE "reviews"."product_id" = ?[0m  [["product_id", 6]]
  [1m[35mCACHE  (0.1ms)[0m  [1m[34mSELECT AVG("reviews"."stars") FROM "reviews" WHERE "reviews"."product_id" = ?[0m  [["product_id", 6]]
  [1m[35m (0.2ms)[0m  [1m[34mSELECT AVG("reviews"."stars") FROM "reviews" WHERE "reviews"."product_id" = ?[0m  [["product_id", 4]]
  [1m[35mCACHE  (0.0ms)[0m  [1m[34mSELECT AVG("reviews"."stars") FROM "reviews" WHERE "reviews"."product_id" = ?[0m  [["product_id", 4]]
  Rendered products/index.html.haml within layouts/application (33.5ms)
Completed 200 OK in 60ms (Views: 55.4ms | ActiveRecord: 2.4ms)


