  [1m[35m (0.1ms)[0m  [1m[34mSELECT sqlite_version(*)[0m
  [1m[35m (51.2ms)[0m  [1m[35mCREATE TABLE "schema_migrations" ("version" varchar NOT NULL PRIMARY KEY)[0m
  [1m[35m (22.3ms)[0m  [1m[35mCREATE TABLE "ar_internal_metadata" ("key" varchar NOT NULL PRIMARY KEY, "value" varchar, "created_at" datetime NOT NULL, "updated_at" datetime NOT NULL)[0m
  [1m[35m (0.4ms)[0m  [1m[34mSELECT "schema_migrations"."version" FROM "schema_migrations" ORDER BY "schema_migrations"."version" ASC[0m
Migrating to CreateEvents (20171102191655)
  [1m[35m (0.3ms)[0m  [1m[36mbegin transaction[0m
  [1m[35m (1.7ms)[0m  [1m[35mCREATE TABLE "events" ("id" INTEGER PRIMARY KEY AUTOINCREMENT NOT NULL, "title" varchar, "location" varchar, "recurring" boolean, "points" integer, "description" text, "created_at" datetime NOT NULL, "updated_at" datetime NOT NULL)[0m
  [1m[35mSQL (0.3ms)[0m  [1m[32mINSERT INTO "schema_migrations" ("version") VALUES (?)[0m  [["version", "20171102191655"]]
  [1m[35m (20.5ms)[0m  [1m[36mcommit transaction[0m
Migrating to CreateUsers (20171104213210)
  [1m[35m (0.2ms)[0m  [1m[36mbegin transaction[0m
  [1m[35m (4.7ms)[0m  [1m[35mCREATE TABLE "users" ("id" INTEGER PRIMARY KEY AUTOINCREMENT NOT NULL, "name" varchar, "classification" varchar, "admin" boolean DEFAULT 'f', "created_at" datetime NOT NULL, "updated_at" datetime NOT NULL)[0m
  [1m[35mSQL (0.2ms)[0m  [1m[32mINSERT INTO "schema_migrations" ("version") VALUES (?)[0m  [["version", "20171104213210"]]
  [1m[35m (15.6ms)[0m  [1m[36mcommit transaction[0m
Migrating to CreateParticipants (20171104215129)
  [1m[35m (0.1ms)[0m  [1m[36mbegin transaction[0m
  [1m[35m (1.6ms)[0m  [1m[35mCREATE TABLE "participants" ("id" INTEGER PRIMARY KEY AUTOINCREMENT NOT NULL, "eventDate" datetime, "user_id" integer, "event_id" integer, "created_at" datetime NOT NULL, "updated_at" datetime NOT NULL)[0m
  [1m[35mSQL (0.3ms)[0m  [1m[32mINSERT INTO "schema_migrations" ("version") VALUES (?)[0m  [["version", "20171104215129"]]
  [1m[35m (14.5ms)[0m  [1m[36mcommit transaction[0m
Migrating to AddOmniauthToUsers (20171106053842)
  [1m[35m (0.1ms)[0m  [1m[36mbegin transaction[0m
  [1m[35m (1.7ms)[0m  [1m[35mALTER TABLE "users" ADD "provider" varchar[0m
  [1m[35m (0.4ms)[0m  [1m[35mALTER TABLE "users" ADD "uid" varchar[0m
  [1m[35m (0.9ms)[0m  [1m[35mALTER TABLE "users" ADD "email" varchar[0m
  [1m[35m (0.4ms)[0m  [1m[35mALTER TABLE "users" ADD "password" varchar[0m
  [1m[35mSQL (0.7ms)[0m  [1m[32mINSERT INTO "schema_migrations" ("version") VALUES (?)[0m  [["version", "20171106053842"]]
  [1m[35m (19.3ms)[0m  [1m[36mcommit transaction[0m
Migrating to AddPointsToUser (20171113215959)
  [1m[35m (0.1ms)[0m  [1m[36mbegin transaction[0m
  [1m[35m (2.7ms)[0m  [1m[35mALTER TABLE "users" ADD "tpoints" integer DEFAULT 0[0m
  [1m[35mSQL (0.3ms)[0m  [1m[32mINSERT INTO "schema_migrations" ("version") VALUES (?)[0m  [["version", "20171113215959"]]
  [1m[35m (19.3ms)[0m  [1m[36mcommit transaction[0m
Migrating to CreateOccurrences (20171203163714)
  [1m[35m (0.1ms)[0m  [1m[36mbegin transaction[0m
  [1m[35m (2.3ms)[0m  [1m[35mCREATE TABLE "occurrences" ("id" INTEGER PRIMARY KEY AUTOINCREMENT NOT NULL, "date_time" datetime, "event_id" integer, "created_at" datetime NOT NULL, "updated_at" datetime NOT NULL)[0m
  [1m[35mSQL (0.5ms)[0m  [1m[32mINSERT INTO "schema_migrations" ("version") VALUES (?)[0m  [["version", "20171203163714"]]
  [1m[35m (25.7ms)[0m  [1m[36mcommit transaction[0m
Migrating to ChangeParticipantsName (20171203210733)
  [1m[35m (0.1ms)[0m  [1m[36mbegin transaction[0m
  [1m[35m (3.4ms)[0m  [1m[35mALTER TABLE "participants" RENAME TO "registrees"[0m
  [1m[35mSQL (0.3ms)[0m  [1m[32mINSERT INTO "schema_migrations" ("version") VALUES (?)[0m  [["version", "20171203210733"]]
  [1m[35m (18.9ms)[0m  [1m[36mcommit transaction[0m
Migrating to RemoveEventDateFromRegistree (20171203211459)
  [1m[35m (0.1ms)[0m  [1m[36mbegin transaction[0m
  [1m[35m (1.3ms)[0m  [1m[35mCREATE TEMPORARY TABLE "aregistrees" ("id" integer NOT NULL PRIMARY KEY, "eventDate" datetime DEFAULT NULL, "user_id" integer DEFAULT NULL, "event_id" integer DEFAULT NULL, "created_at" datetime NOT NULL, "updated_at" datetime NOT NULL)[0m
  [1m[35m (0.1ms)[0m  [1m[32mINSERT INTO "aregistrees" ("id","eventDate","user_id","event_id","created_at","updated_at")
                     SELECT "id","eventDate","user_id","event_id","created_at","updated_at" FROM "registrees"[0m
  [1m[35m (1.5ms)[0m  [1m[35mDROP TABLE "registrees"[0m
  [1m[35m (0.1ms)[0m  [1m[35mCREATE TABLE "registrees" ("id" integer NOT NULL PRIMARY KEY, "user_id" integer DEFAULT NULL, "event_id" integer DEFAULT NULL, "created_at" datetime NOT NULL, "updated_at" datetime NOT NULL)[0m
  [1m[35m (0.1ms)[0m  [1m[32mINSERT INTO "registrees" ("id","user_id","event_id","created_at","updated_at")
                     SELECT "id","user_id","event_id","created_at","updated_at" FROM "aregistrees"[0m
  [1m[35m (1.7ms)[0m  [1m[35mDROP TABLE "aregistrees"[0m
  [1m[35mSQL (0.3ms)[0m  [1m[32mINSERT INTO "schema_migrations" ("version") VALUES (?)[0m  [["version", "20171203211459"]]
  [1m[35m (41.3ms)[0m  [1m[36mcommit transaction[0m
Migrating to CreateAttendees (20171203212550)
  [1m[35m (0.1ms)[0m  [1m[36mbegin transaction[0m
  [1m[35m (35.3ms)[0m  [1m[35mCREATE TABLE "attendees" ("id" INTEGER PRIMARY KEY AUTOINCREMENT NOT NULL, "user_id" integer, "occurrence_id" integer, "summary" text, "created_at" datetime NOT NULL, "updated_at" datetime NOT NULL)[0m
  [1m[35mSQL (0.3ms)[0m  [1m[32mINSERT INTO "schema_migrations" ("version") VALUES (?)[0m  [["version", "20171203212550"]]
  [1m[35m (20.9ms)[0m  [1m[36mcommit transaction[0m
Migrating to AddAttachmentImageToEvents (20171207031254)
  [1m[35m (0.1ms)[0m  [1m[36mbegin transaction[0m
  [1m[35m (2.4ms)[0m  [1m[35mALTER TABLE "events" ADD "image_file_name" varchar[0m
  [1m[35m (0.2ms)[0m  [1m[35mALTER TABLE "events" ADD "image_content_type" varchar[0m
  [1m[35m (0.1ms)[0m  [1m[35mALTER TABLE "events" ADD "image_file_size" integer[0m
  [1m[35m (0.1ms)[0m  [1m[35mALTER TABLE "events" ADD "image_updated_at" datetime[0m
  [1m[35mSQL (0.3ms)[0m  [1m[32mINSERT INTO "schema_migrations" ("version") VALUES (?)[0m  [["version", "20171207031254"]]
  [1m[35m (17.9ms)[0m  [1m[36mcommit transaction[0m
Migrating to AddAttachmentImageToUsers (20171208043858)
  [1m[35m (0.1ms)[0m  [1m[36mbegin transaction[0m
  [1m[35m (1.7ms)[0m  [1m[35mALTER TABLE "users" ADD "image_file_name" varchar[0m
  [1m[35m (0.1ms)[0m  [1m[35mALTER TABLE "users" ADD "image_content_type" varchar[0m
  [1m[35m (0.2ms)[0m  [1m[35mALTER TABLE "users" ADD "image_file_size" integer[0m
  [1m[35m (0.1ms)[0m  [1m[35mALTER TABLE "users" ADD "image_updated_at" datetime[0m
  [1m[35mSQL (0.6ms)[0m  [1m[32mINSERT INTO "schema_migrations" ("version") VALUES (?)[0m  [["version", "20171208043858"]]
  [1m[35m (19.1ms)[0m  [1m[36mcommit transaction[0m
Migrating to CreateMeetings (20180412205616)
  [1m[35m (0.1ms)[0m  [1m[36mbegin transaction[0m
  [1m[35m (1.5ms)[0m  [1m[35mCREATE TABLE "meetings" ("id" INTEGER PRIMARY KEY AUTOINCREMENT NOT NULL, "title" varchar, "location" varchar, "description" varchar, "points" integer, "date" datetime, "image_file_name" varchar, "image_content_type" varchar, "image_file_size" integer, "image_updated_at" datetime, "created_at" datetime NOT NULL, "updated_at" datetime NOT NULL)[0m
  [1m[35mSQL (0.4ms)[0m  [1m[32mINSERT INTO "schema_migrations" ("version") VALUES (?)[0m  [["version", "20180412205616"]]
  [1m[35m (46.0ms)[0m  [1m[36mcommit transaction[0m
Migrating to CreatePeople (20180412205639)
  [1m[35m (0.1ms)[0m  [1m[36mbegin transaction[0m
  [1m[35m (2.3ms)[0m  [1m[35mCREATE TABLE "people" ("id" INTEGER PRIMARY KEY AUTOINCREMENT NOT NULL, "first_name" varchar, "last_name" varchar, "admin" boolean DEFAULT 'f', "points" integer, "image_file_name" varchar, "image_content_type" varchar, "image_file_size" integer, "image_updated_at" datetime, "created_at" datetime NOT NULL, "updated_at" datetime NOT NULL)[0m
  [1m[35mSQL (0.3ms)[0m  [1m[32mINSERT INTO "schema_migrations" ("version") VALUES (?)[0m  [["version", "20180412205639"]]
  [1m[35m (17.1ms)[0m  [1m[36mcommit transaction[0m
Migrating to AddProviderToPeople (20180413124419)
  [1m[35m (0.1ms)[0m  [1m[36mbegin transaction[0m
  [1m[35m (1.8ms)[0m  [1m[35mALTER TABLE "people" ADD "provider" varchar[0m
  [1m[35mSQL (0.3ms)[0m  [1m[32mINSERT INTO "schema_migrations" ("version") VALUES (?)[0m  [["version", "20180413124419"]]
  [1m[35m (18.9ms)[0m  [1m[36mcommit transaction[0m
Migrating to AddUidToPeople (20180413124519)
  [1m[35m (0.1ms)[0m  [1m[36mbegin transaction[0m
  [1m[35m (1.6ms)[0m  [1m[35mALTER TABLE "people" ADD "uid" varchar[0m
  [1m[35mSQL (0.4ms)[0m  [1m[32mINSERT INTO "schema_migrations" ("version") VALUES (?)[0m  [["version", "20180413124519"]]
  [1m[35m (17.9ms)[0m  [1m[36mcommit transaction[0m
Migrating to AddOauthTokenToPeople (20180413124639)
  [1m[35m (0.1ms)[0m  [1m[36mbegin transaction[0m
  [1m[35m (2.1ms)[0m  [1m[35mALTER TABLE "people" ADD "oauth_token" varchar[0m
  [1m[35mSQL (0.2ms)[0m  [1m[32mINSERT INTO "schema_migrations" ("version") VALUES (?)[0m  [["version", "20180413124639"]]
  [1m[35m (20.1ms)[0m  [1m[36mcommit transaction[0m
Migrating to AddOauthExpiresAtToPeople (20180413124722)
  [1m[35m (0.1ms)[0m  [1m[36mbegin transaction[0m
  [1m[35m (2.8ms)[0m  [1m[35mALTER TABLE "people" ADD "oauth_expires_at" datetime[0m
  [1m[35mSQL (0.2ms)[0m  [1m[32mINSERT INTO "schema_migrations" ("version") VALUES (?)[0m  [["version", "20180413124722"]]
  [1m[35m (17.5ms)[0m  [1m[36mcommit transaction[0m
Migrating to AddRoleToPeople (20180413155927)
  [1m[35m (0.1ms)[0m  [1m[36mbegin transaction[0m
  [1m[35m (2.4ms)[0m  [1m[35mALTER TABLE "people" ADD "role" varchar[0m
  [1m[35mSQL (0.3ms)[0m  [1m[32mINSERT INTO "schema_migrations" ("version") VALUES (?)[0m  [["version", "20180413155927"]]
  [1m[35m (17.6ms)[0m  [1m[36mcommit transaction[0m
Migrating to CreateRegistrations (20180429210247)
  [1m[35m (0.1ms)[0m  [1m[36mbegin transaction[0m
  [1m[35m (2.3ms)[0m  [1m[35mCREATE TABLE "registrations" ("id" INTEGER PRIMARY KEY AUTOINCREMENT NOT NULL, "person_id" integer, "meeting_id" integer, "created_at" datetime NOT NULL, "updated_at" datetime NOT NULL, CONSTRAINT "fk_rails_6c0f40f0e4"
FOREIGN KEY ("person_id")
  REFERENCES "people" ("id")
, CONSTRAINT "fk_rails_75b66e1d09"
FOREIGN KEY ("meeting_id")
  REFERENCES "meetings" ("id")
)[0m
  [1m[35m (0.2ms)[0m  [1m[35mCREATE  INDEX "index_registrations_on_person_id" ON "registrations" ("person_id")[0m
  [1m[35m (0.1ms)[0m  [1m[34m            SELECT sql
            FROM sqlite_master
            WHERE name='index_registrations_on_person_id' AND type='index'
            UNION ALL
            SELECT sql
            FROM sqlite_temp_master
            WHERE name='index_registrations_on_person_id' AND type='index'
[0m
  [1m[35m (0.1ms)[0m  [1m[35mCREATE  INDEX "index_registrations_on_meeting_id" ON "registrations" ("meeting_id")[0m
  [1m[35mSQL (0.2ms)[0m  [1m[32mINSERT INTO "schema_migrations" ("version") VALUES (?)[0m  [["version", "20180429210247"]]
  [1m[35m (382.4ms)[0m  [1m[36mcommit transaction[0m
Migrating to AddBioToPeople (20180502100736)
  [1m[35m (0.1ms)[0m  [1m[36mbegin transaction[0m
  [1m[35m (208.2ms)[0m  [1m[35mALTER TABLE "people" ADD "bio" varchar[0m
  [1m[35mSQL (0.7ms)[0m  [1m[32mINSERT INTO "schema_migrations" ("version") VALUES (?)[0m  [["version", "20180502100736"]]
  [1m[35m (126.5ms)[0m  [1m[36mcommit transaction[0m
  [1m[36mActiveRecord::InternalMetadata Load (0.2ms)[0m  [1m[34mSELECT  "ar_internal_metadata".* FROM "ar_internal_metadata" WHERE "ar_internal_metadata"."key" = ? LIMIT ?[0m  [["key", "environment"], ["LIMIT", 1]]
  [1m[35m (0.1ms)[0m  [1m[36mbegin transaction[0m
  [1m[35mSQL (2.4ms)[0m  [1m[32mINSERT INTO "ar_internal_metadata" ("key", "value", "created_at", "updated_at") VALUES (?, ?, ?, ?)[0m  [["key", "environment"], ["value", "development"], ["created_at", "2018-05-04 03:48:48.237387"], ["updated_at", "2018-05-04 03:48:48.237387"]]
  [1m[35m (20.7ms)[0m  [1m[36mcommit transaction[0m
  [1m[35m (0.2ms)[0m  [1m[34mSELECT "schema_migrations"."version" FROM "schema_migrations" ORDER BY "schema_migrations"."version" ASC[0m
  [1m[35m (0.1ms)[0m  [1m[34m            SELECT sql
            FROM sqlite_master
            WHERE name='index_registrations_on_meeting_id' AND type='index'
            UNION ALL
            SELECT sql
            FROM sqlite_temp_master
            WHERE name='index_registrations_on_meeting_id' AND type='index'
[0m
  [1m[35m (0.1ms)[0m  [1m[34m            SELECT sql
            FROM sqlite_master
            WHERE name='index_registrations_on_person_id' AND type='index'
            UNION ALL
            SELECT sql
            FROM sqlite_temp_master
            WHERE name='index_registrations_on_person_id' AND type='index'
[0m
  [1m[35m (0.7ms)[0m  [1m[34mSELECT "schema_migrations"."version" FROM "schema_migrations" ORDER BY "schema_migrations"."version" ASC[0m
  [1m[35m (0.4ms)[0m  [1m[34mSELECT "ar_internal_metadata"."value" FROM "ar_internal_metadata" WHERE "ar_internal_metadata"."key" = ?[0m  [["key", "environment"]]
  [1m[35m (0.1ms)[0m  [1m[34mSELECT "schema_migrations"."version" FROM "schema_migrations" ORDER BY "schema_migrations"."version" ASC[0m
  [1m[35m (0.1ms)[0m  [1m[34mSELECT "ar_internal_metadata"."value" FROM "ar_internal_metadata" WHERE "ar_internal_metadata"."key" = ?[0m  [["key", "environment"]]
  [1m[35m (0.1ms)[0m  [1m[34mSELECT "schema_migrations"."version" FROM "schema_migrations" ORDER BY "schema_migrations"."version" ASC[0m
  [1m[35m (0.1ms)[0m  [1m[34mSELECT "ar_internal_metadata"."value" FROM "ar_internal_metadata" WHERE "ar_internal_metadata"."key" = ?[0m  [["key", "environment"]]
  [1m[35m (0.2ms)[0m  [1m[35mDROP TABLE IF EXISTS "attendees"[0m
  [1m[35m (0.1ms)[0m  [1m[34mSELECT sqlite_version(*)[0m
  [1m[35m (302.0ms)[0m  [1m[35mCREATE TABLE "attendees" ("id" INTEGER PRIMARY KEY AUTOINCREMENT NOT NULL, "user_id" integer, "occurrence_id" integer, "summary" text, "created_at" datetime NOT NULL, "updated_at" datetime NOT NULL)[0m
  [1m[35m (0.2ms)[0m  [1m[35mDROP TABLE IF EXISTS "events"[0m
  [1m[35m (19.2ms)[0m  [1m[35mCREATE TABLE "events" ("id" INTEGER PRIMARY KEY AUTOINCREMENT NOT NULL, "title" varchar, "location" varchar, "recurring" boolean, "points" integer, "description" text, "created_at" datetime NOT NULL, "updated_at" datetime NOT NULL, "image_file_name" varchar, "image_content_type" varchar, "image_file_size" integer, "image_updated_at" datetime)[0m
  [1m[35m (0.3ms)[0m  [1m[35mDROP TABLE IF EXISTS "meetings"[0m
  [1m[35m (27.2ms)[0m  [1m[35mCREATE TABLE "meetings" ("id" INTEGER PRIMARY KEY AUTOINCREMENT NOT NULL, "title" varchar, "location" varchar, "description" varchar, "points" integer, "date" datetime, "image_file_name" varchar, "image_content_type" varchar, "image_file_size" integer, "image_updated_at" datetime, "created_at" datetime NOT NULL, "updated_at" datetime NOT NULL)[0m
  [1m[35m (0.3ms)[0m  [1m[35mDROP TABLE IF EXISTS "occurrences"[0m
  [1m[35m (21.9ms)[0m  [1m[35mCREATE TABLE "occurrences" ("id" INTEGER PRIMARY KEY AUTOINCREMENT NOT NULL, "date_time" datetime, "event_id" integer, "created_at" datetime NOT NULL, "updated_at" datetime NOT NULL)[0m
  [1m[35m (0.3ms)[0m  [1m[35mDROP TABLE IF EXISTS "people"[0m
  [1m[35m (24.6ms)[0m  [1m[35mCREATE TABLE "people" ("id" INTEGER PRIMARY KEY AUTOINCREMENT NOT NULL, "first_name" varchar, "last_name" varchar, "admin" boolean DEFAULT 'f', "points" integer, "image_file_name" varchar, "image_content_type" varchar, "image_file_size" integer, "image_updated_at" datetime, "created_at" datetime NOT NULL, "updated_at" datetime NOT NULL, "provider" varchar, "uid" varchar, "oauth_token" varchar, "oauth_expires_at" datetime, "role" varchar, "bio" varchar)[0m
  [1m[35m (0.4ms)[0m  [1m[35mDROP TABLE IF EXISTS "registrations"[0m
  [1m[35m (18.0ms)[0m  [1m[35mCREATE TABLE "registrations" ("id" INTEGER PRIMARY KEY AUTOINCREMENT NOT NULL, "person_id" integer, "meeting_id" integer, "created_at" datetime NOT NULL, "updated_at" datetime NOT NULL)[0m
  [1m[35m (21.0ms)[0m  [1m[35mCREATE  INDEX "index_registrations_on_meeting_id" ON "registrations" ("meeting_id")[0m
  [1m[35m (0.2ms)[0m  [1m[34m            SELECT sql
            FROM sqlite_master
            WHERE name='index_registrations_on_meeting_id' AND type='index'
            UNION ALL
            SELECT sql
            FROM sqlite_temp_master
            WHERE name='index_registrations_on_meeting_id' AND type='index'
[0m
  [1m[35m (18.7ms)[0m  [1m[35mCREATE  INDEX "index_registrations_on_person_id" ON "registrations" ("person_id")[0m
  [1m[35m (0.5ms)[0m  [1m[35mDROP TABLE IF EXISTS "registrees"[0m
  [1m[35m (17.0ms)[0m  [1m[35mCREATE TABLE "registrees" ("id" INTEGER PRIMARY KEY AUTOINCREMENT NOT NULL, "user_id" integer, "event_id" integer, "created_at" datetime NOT NULL, "updated_at" datetime NOT NULL)[0m
  [1m[35m (0.2ms)[0m  [1m[35mDROP TABLE IF EXISTS "users"[0m
  [1m[35m (19.3ms)[0m  [1m[35mCREATE TABLE "users" ("id" INTEGER PRIMARY KEY AUTOINCREMENT NOT NULL, "name" varchar, "classification" varchar, "admin" boolean DEFAULT 'f', "created_at" datetime NOT NULL, "updated_at" datetime NOT NULL, "provider" varchar, "uid" varchar, "email" varchar, "password" varchar, "tpoints" integer DEFAULT 0, "image_file_name" varchar, "image_content_type" varchar, "image_file_size" integer, "image_updated_at" datetime)[0m
  [1m[35m (46.2ms)[0m  [1m[35mCREATE TABLE "schema_migrations" ("version" varchar NOT NULL PRIMARY KEY)[0m
  [1m[35m (0.2ms)[0m  [1m[34mSELECT "schema_migrations"."version" FROM "schema_migrations" ORDER BY "schema_migrations"."version" ASC[0m
  [1m[35m (19.9ms)[0m  [1m[32mINSERT INTO "schema_migrations" (version) VALUES (20180502100736)[0m
  [1m[35m (19.8ms)[0m  [1m[32mINSERT INTO "schema_migrations" (version) VALUES
(20171102191655),
(20171104213210),
(20171104215129),
(20171106053842),
(20171113215959),
(20171203163714),
(20171203210733),
(20171203211459),
(20171203212550),
(20171207031254),
(20171208043858),
(20180412205616),
(20180412205639),
(20180413124419),
(20180413124519),
(20180413124639),
(20180413124722),
(20180413155927),
(20180429210247);

[0m
  [1m[35m (19.5ms)[0m  [1m[35mCREATE TABLE "ar_internal_metadata" ("key" varchar NOT NULL PRIMARY KEY, "value" varchar, "created_at" datetime NOT NULL, "updated_at" datetime NOT NULL)[0m
  [1m[36mActiveRecord::InternalMetadata Load (0.7ms)[0m  [1m[34mSELECT  "ar_internal_metadata".* FROM "ar_internal_metadata" WHERE "ar_internal_metadata"."key" = ? LIMIT ?[0m  [["key", "environment"], ["LIMIT", 1]]
  [1m[35m (0.0ms)[0m  [1m[36mbegin transaction[0m
  [1m[35mSQL (1.4ms)[0m  [1m[32mINSERT INTO "ar_internal_metadata" ("key", "value", "created_at", "updated_at") VALUES (?, ?, ?, ?)[0m  [["key", "environment"], ["value", "development"], ["created_at", "2018-05-04 03:49:01.576706"], ["updated_at", "2018-05-04 03:49:01.576706"]]
  [1m[35m (14.7ms)[0m  [1m[36mcommit transaction[0m
  [1m[36mActiveRecord::InternalMetadata Load (0.1ms)[0m  [1m[34mSELECT  "ar_internal_metadata".* FROM "ar_internal_metadata" WHERE "ar_internal_metadata"."key" = ? LIMIT ?[0m  [["key", "environment"], ["LIMIT", 1]]
  [1m[35m (0.1ms)[0m  [1m[36mbegin transaction[0m
  [1m[35mSQL (1.3ms)[0m  [1m[33mUPDATE "ar_internal_metadata" SET "value" = ?, "updated_at" = ? WHERE "ar_internal_metadata"."key" = ?[0m  [["value", "test"], ["updated_at", "2018-05-04 03:49:01.608985"], ["key", "environment"]]
  [1m[35m (22.5ms)[0m  [1m[36mcommit transaction[0m
