  [1m[35m (0.1ms)[0m  [1m[34mSELECT sqlite_version(*)[0m
  [1m[35m (178.7ms)[0m  [1m[35mCREATE TABLE "schema_migrations" ("version" varchar NOT NULL PRIMARY KEY)[0m
  [1m[35m (80.3ms)[0m  [1m[35mCREATE TABLE "ar_internal_metadata" ("key" varchar NOT NULL PRIMARY KEY, "value" varchar, "created_at" datetime NOT NULL, "updated_at" datetime NOT NULL)[0m
  [1m[35m (0.3ms)[0m  [1m[34mSELECT "schema_migrations"."version" FROM "schema_migrations" ORDER BY "schema_migrations"."version" ASC[0m
Migrating to CreateRentalProperties (20170904184345)
  [1m[35m (0.1ms)[0m  [1m[36mbegin transaction[0m
  [1m[35m (50.0ms)[0m  [1m[35mCREATE TABLE "rental_properties" ("id" INTEGER PRIMARY KEY AUTOINCREMENT NOT NULL, "title" varchar, "description" text, "bedrooms" integer, "beds" integer, "maxpersons" integer, "bathrooms" integer, "pets_allowed" boolean, "address" text, "price" decimal(10,2), "lat" decimal(15,10) NOT NULL, "lng" decimal(15,10) NOT NULL, "created_at" datetime NOT NULL, "updated_at" datetime NOT NULL)[0m
  [1m[35mSQL (0.2ms)[0m  [1m[32mINSERT INTO "schema_migrations" ("version") VALUES (?)[0m  [["version", "20170904184345"]]
  [1m[35m (68.6ms)[0m  [1m[36mcommit transaction[0m
Migrating to AddAttachmentImageToRentalProperties (20170906130623)
  [1m[35m (0.1ms)[0m  [1m[36mbegin transaction[0m
  [1m[35m (3.0ms)[0m  [1m[35mALTER TABLE "rental_properties" ADD "image_file_name" varchar[0m
  [1m[35m (0.3ms)[0m  [1m[35mALTER TABLE "rental_properties" ADD "image_content_type" varchar[0m
  [1m[35m (0.2ms)[0m  [1m[35mALTER TABLE "rental_properties" ADD "image_file_size" integer[0m
  [1m[35m (0.3ms)[0m  [1m[35mALTER TABLE "rental_properties" ADD "image_updated_at" datetime[0m
  [1m[35mSQL (0.3ms)[0m  [1m[32mINSERT INTO "schema_migrations" ("version") VALUES (?)[0m  [["version", "20170906130623"]]
  [1m[35m (17.1ms)[0m  [1m[36mcommit transaction[0m
  [1m[36mActiveRecord::InternalMetadata Load (0.2ms)[0m  [1m[34mSELECT  "ar_internal_metadata".* FROM "ar_internal_metadata" WHERE "ar_internal_metadata"."key" = ? LIMIT ?[0m  [["key", "environment"], ["LIMIT", 1]]
  [1m[35m (0.0ms)[0m  [1m[36mbegin transaction[0m
  [1m[35mSQL (86.5ms)[0m  [1m[32mINSERT INTO "ar_internal_metadata" ("key", "value", "created_at", "updated_at") VALUES (?, ?, ?, ?)[0m  [["key", "environment"], ["value", "development"], ["created_at", "2018-03-25 20:57:51.491482"], ["updated_at", "2018-03-25 20:57:51.491482"]]
  [1m[35m (19.8ms)[0m  [1m[36mcommit transaction[0m
  [1m[35m (0.2ms)[0m  [1m[34mSELECT "schema_migrations"."version" FROM "schema_migrations" ORDER BY "schema_migrations"."version" ASC[0m
  [1m[35m (0.2ms)[0m  [1m[34mSELECT "schema_migrations"."version" FROM "schema_migrations" ORDER BY "schema_migrations"."version" ASC[0m
  [1m[35m (0.2ms)[0m  [1m[34mSELECT "ar_internal_metadata"."value" FROM "ar_internal_metadata" WHERE "ar_internal_metadata"."key" = ?[0m  [["key", "environment"]]
  [1m[35m (0.1ms)[0m  [1m[34mSELECT "schema_migrations"."version" FROM "schema_migrations" ORDER BY "schema_migrations"."version" ASC[0m
  [1m[35m (0.1ms)[0m  [1m[34mSELECT "ar_internal_metadata"."value" FROM "ar_internal_metadata" WHERE "ar_internal_metadata"."key" = ?[0m  [["key", "environment"]]
  [1m[35m (0.1ms)[0m  [1m[34mSELECT "schema_migrations"."version" FROM "schema_migrations" ORDER BY "schema_migrations"."version" ASC[0m
  [1m[35m (0.1ms)[0m  [1m[34mSELECT "ar_internal_metadata"."value" FROM "ar_internal_metadata" WHERE "ar_internal_metadata"."key" = ?[0m  [["key", "environment"]]
  [1m[35m (0.1ms)[0m  [1m[35mDROP TABLE IF EXISTS "rental_properties"[0m
  [1m[35m (0.1ms)[0m  [1m[34mSELECT sqlite_version(*)[0m
  [1m[35m (98.2ms)[0m  [1m[35mCREATE TABLE "rental_properties" ("id" INTEGER PRIMARY KEY AUTOINCREMENT NOT NULL, "title" varchar, "description" text, "bedrooms" integer, "beds" integer, "maxpersons" integer, "bathrooms" integer, "pets_allowed" boolean, "address" text, "price" decimal(10,2), "lat" decimal(15,10) NOT NULL, "lng" decimal(15,10) NOT NULL, "created_at" datetime NOT NULL, "updated_at" datetime NOT NULL, "image_file_name" varchar, "image_content_type" varchar, "image_file_size" integer, "image_updated_at" datetime)[0m
  [1m[35m (67.4ms)[0m  [1m[35mCREATE TABLE "schema_migrations" ("version" varchar NOT NULL PRIMARY KEY)[0m
  [1m[35m (0.2ms)[0m  [1m[34mSELECT "schema_migrations"."version" FROM "schema_migrations" ORDER BY "schema_migrations"."version" ASC[0m
  [1m[35m (18.8ms)[0m  [1m[32mINSERT INTO "schema_migrations" (version) VALUES (20170906130623)[0m
  [1m[35m (208.4ms)[0m  [1m[32mINSERT INTO "schema_migrations" (version) VALUES
(20170904184345);

[0m
  [1m[35m (19.0ms)[0m  [1m[35mCREATE TABLE "ar_internal_metadata" ("key" varchar NOT NULL PRIMARY KEY, "value" varchar, "created_at" datetime NOT NULL, "updated_at" datetime NOT NULL)[0m
  [1m[36mActiveRecord::InternalMetadata Load (0.5ms)[0m  [1m[34mSELECT  "ar_internal_metadata".* FROM "ar_internal_metadata" WHERE "ar_internal_metadata"."key" = ? LIMIT ?[0m  [["key", "environment"], ["LIMIT", 1]]
  [1m[35m (0.1ms)[0m  [1m[36mbegin transaction[0m
  [1m[35mSQL (46.8ms)[0m  [1m[32mINSERT INTO "ar_internal_metadata" ("key", "value", "created_at", "updated_at") VALUES (?, ?, ?, ?)[0m  [["key", "environment"], ["value", "development"], ["created_at", "2018-03-25 20:58:40.964717"], ["updated_at", "2018-03-25 20:58:40.964717"]]
  [1m[35m (402.8ms)[0m  [1m[36mcommit transaction[0m
  [1m[36mActiveRecord::InternalMetadata Load (0.1ms)[0m  [1m[34mSELECT  "ar_internal_metadata".* FROM "ar_internal_metadata" WHERE "ar_internal_metadata"."key" = ? LIMIT ?[0m  [["key", "environment"], ["LIMIT", 1]]
  [1m[35m (0.1ms)[0m  [1m[36mbegin transaction[0m
  [1m[35mSQL (79.6ms)[0m  [1m[33mUPDATE "ar_internal_metadata" SET "value" = ?, "updated_at" = ? WHERE "ar_internal_metadata"."key" = ?[0m  [["value", "test"], ["updated_at", "2018-03-25 20:58:41.440193"], ["key", "environment"]]
  [1m[35m (17.8ms)[0m  [1m[36mcommit transaction[0m
  [1m[35m (0.3ms)[0m  [1m[34mSELECT "schema_migrations"."version" FROM "schema_migrations" ORDER BY "schema_migrations"."version" ASC[0m
  [1m[35mSQL (24.9ms)[0m  [1m[31mDELETE FROM "rental_properties"[0m
  [1m[35m (0.1ms)[0m  [1m[36mbegin transaction[0m
  [1m[35mSQL (22.2ms)[0m  [1m[32mINSERT INTO "rental_properties" ("title", "description", "bedrooms", "beds", "maxpersons", "bathrooms", "pets_allowed", "address", "price", "lat", "lng", "created_at", "updated_at") VALUES (?, ?, ?, ?, ?, ?, ?, ?, ?, ?, ?, ?, ?)[0m  [["title", "Lovely cottage by the sea"], ["description", "Waterfront view.  'Cozy', which basically means small, but you're here for the view anyway, right?  Sleeps four.  No pets allowed."], ["bedrooms", 2], ["beds", 2], ["maxpersons", 4], ["bathrooms", 1], ["pets_allowed", "f"], ["address", "Rockport, ME"], ["price", 120.5], ["lat", 44.1845], ["lng", -69.0761], ["created_at", "2018-03-25 20:59:07.069616"], ["updated_at", "2018-03-25 20:59:07.069616"]]
  [1m[35m (15.0ms)[0m  [1m[36mcommit transaction[0m
  [1m[35m (0.1ms)[0m  [1m[36mbegin transaction[0m
  [1m[35mSQL (3.0ms)[0m  [1m[32mINSERT INTO "rental_properties" ("title", "description", "bedrooms", "beds", "maxpersons", "bathrooms", "pets_allowed", "address", "price", "lat", "lng", "created_at", "updated_at") VALUES (?, ?, ?, ?, ?, ?, ?, ?, ?, ?, ?, ?, ?)[0m  [["title", "Remote cabin for escaping everything"], ["description", "Adirondack cabin with one double bedroom and a sofa, for when you want that third wheel along for the ride.  Beware the bears."], ["bedrooms", 1], ["beds", 2], ["maxpersons", 3], ["bathrooms", 1], ["pets_allowed", "f"], ["address", "Keene, NY"], ["price", 203.87], ["lat", 44.2562], ["lng", -73.7921], ["created_at", "2018-03-25 20:59:07.168695"], ["updated_at", "2018-03-25 20:59:07.168695"]]
  [1m[35m (96.0ms)[0m  [1m[36mcommit transaction[0m
  [1m[35m (0.0ms)[0m  [1m[36mbegin transaction[0m
  [1m[35mSQL (3.5ms)[0m  [1m[32mINSERT INTO "rental_properties" ("title", "description", "bedrooms", "beds", "maxpersons", "bathrooms", "pets_allowed", "address", "price", "lat", "lng", "created_at", "updated_at") VALUES (?, ?, ?, ?, ?, ?, ?, ?, ?, ?, ?, ?, ?)[0m  [["title", "Loft apartment"], ["description", "Apartment in a converted warehouse above two restaurants and a bar.  Amazingly quite for all that activity downstairs."], ["bedrooms", 1], ["beds", 1], ["maxpersons", 2], ["bathrooms", 1], ["pets_allowed", "t"], ["address", "Albany, NY"], ["price", 99.99], ["lat", 42.6526], ["lng", -75.7562], ["created_at", "2018-03-25 20:59:07.271486"], ["updated_at", "2018-03-25 20:59:07.271486"]]
  [1m[35m (14.9ms)[0m  [1m[36mcommit transaction[0m
  [1m[35m (0.1ms)[0m  [1m[36mbegin transaction[0m
  [1m[35mSQL (3.2ms)[0m  [1m[32mINSERT INTO "rental_properties" ("title", "description", "bedrooms", "beds", "maxpersons", "bathrooms", "pets_allowed", "address", "price", "lat", "lng", "created_at", "updated_at") VALUES (?, ?, ?, ?, ?, ?, ?, ?, ?, ?, ?, ?, ?)[0m  [["title", "Single family home, quiet neighborhood"], ["description", "Two story house with 3 bedrooms (one queen and two twins), kids toys, a big backyard, and quiet neighborhood.  Walking distance to everything and nothing, all at once.  One full bath and one quarter bath."], ["bedrooms", 3], ["beds", 3], ["maxpersons", 4], ["bathrooms", 2], ["pets_allowed", "f"], ["address", "Hamilton, NY"], ["price", 175.13], ["lat", 42.827], ["lng", -75.5446], ["created_at", "2018-03-25 20:59:07.293054"], ["updated_at", "2018-03-25 20:59:07.293054"]]
  [1m[35m (13.7ms)[0m  [1m[36mcommit transaction[0m
  [1m[35m (0.1ms)[0m  [1m[36mbegin transaction[0m
  [1m[35mSQL (2.8ms)[0m  [1m[32mINSERT INTO "rental_properties" ("title", "description", "bedrooms", "beds", "maxpersons", "bathrooms", "pets_allowed", "address", "price", "lat", "lng", "created_at", "updated_at") VALUES (?, ?, ?, ?, ?, ?, ?, ?, ?, ?, ?, ?, ?)[0m  [["title", "Sofa at former coffee shop"], ["description", "Comfy sofa available for rent in a studio setting: the former Barge Canal coffee shop.  Just need to figure out how to pick the lock, but it's quiet and comfy.  Some crumbs left over from former tenants.  No coffee left, but you're better off going elsewhere anyway."], ["bedrooms", 0], ["beds", 1], ["maxpersons", 1], ["bathrooms", 0], ["pets_allowed", "t"], ["address", "Hamilton, NY"], ["price", 13.99], ["lat", 42.827], ["lng", -75.5446], ["created_at", "2018-03-25 20:59:07.315044"], ["updated_at", "2018-03-25 20:59:07.315044"]]
  [1m[35m (16.3ms)[0m  [1m[36mcommit transaction[0m
